   0  $accept : program $end

   1  program : decl_list

   2  decl_list : decl decl_list
   3            |

   4  decl : ident TOKEN_COLON type TOKEN_SEMICOLON
   5       | ident TOKEN_COLON type_basic TOKEN_ASSIGNMENT expr TOKEN_SEMICOLON
   6       | ident TOKEN_COLON type_function TOKEN_ASSIGNMENT TOKEN_LCURLY stmt_list TOKEN_RCURLY
   7       | ident TOKEN_COLON type_array TOKEN_ASSIGNMENT TOKEN_LCURLY expr_list TOKEN_RCURLY TOKEN_SEMICOLON

   8  type : type_basic
   9       | type_array
  10       | type_function

  11  type_basic : TOKEN_STRING
  12             | TOKEN_INTEGER
  13             | TOKEN_CHAR
  14             | TOKEN_BOOLEAN
  15             | TOKEN_VOID

  16  type_array : TOKEN_ARRAY TOKEN_LBRACKET opt_expr TOKEN_RBRACKET type

  17  type_function : TOKEN_FUNCTION type TOKEN_LPAREN param_list TOKEN_RPAREN

  18  param_list :
  19             | non_empty_param_list

  20  non_empty_param_list : param
  21                       | param TOKEN_COMMA non_empty_param_list

  22  param : ident TOKEN_COLON type

  23  stmt_list :
  24            | stmt stmt_list

  25  stmt : matched
  26       | unmatched

  27  matched : decl
  28          | TOKEN_IF TOKEN_LPAREN expr TOKEN_RPAREN matched TOKEN_ELSE matched
  29          | expr TOKEN_SEMICOLON
  30          | TOKEN_LCURLY stmt_list TOKEN_RCURLY
  31          | TOKEN_RETURN opt_expr TOKEN_SEMICOLON
  32          | TOKEN_PRINT expr_list TOKEN_SEMICOLON
  33          | TOKEN_FOR TOKEN_LPAREN opt_expr TOKEN_SEMICOLON opt_expr TOKEN_SEMICOLON opt_expr TOKEN_RPAREN matched

  34  unmatched : TOKEN_IF TOKEN_LPAREN expr TOKEN_RPAREN stmt
  35            | TOKEN_IF TOKEN_LPAREN expr TOKEN_RPAREN matched TOKEN_ELSE unmatched

  36  opt_expr :
  37           | expr

  38  expr_list :
  39            | non_empty_expr_list

  40  non_empty_expr_list : expr
  41                      | expr TOKEN_COMMA non_empty_expr_list

  42  expr : assignment_expr

  43  assignment_expr : assignment_expr TOKEN_ASSIGNMENT logical_expr
  44                  | logical_expr

  45  logical_expr : logical_expr TOKEN_LOGICAL_AND comparison_expr
  46               | logical_expr TOKEN_LOGICAL_OR comparison_expr
  47               | comparison_expr

  48  comparison_expr : comparison_expr TOKEN_GE add_expr
  49                  | comparison_expr TOKEN_LE add_expr
  50                  | comparison_expr TOKEN_GT add_expr
  51                  | comparison_expr TOKEN_LT add_expr
  52                  | comparison_expr TOKEN_EQ add_expr
  53                  | comparison_expr TOKEN_NE add_expr
  54                  | add_expr

  55  add_expr : add_expr TOKEN_PLUS mult_expr
  56           | add_expr TOKEN_MINUS mult_expr
  57           | mult_expr

  58  mult_expr : mult_expr TOKEN_MULTIPLY exponent
  59            | mult_expr TOKEN_DIVIDE exponent
  60            | mult_expr TOKEN_MODULUS exponent
  61            | exponent

  62  exponent : exponent TOKEN_EXPONENT factor
  63           | factor

  64  factor : TOKEN_MINUS factor
  65         | TOKEN_LOGICAL_NOT factor
  66         | pre_post_incr

  67  pre_post_incr : pre_post_incr TOKEN_POSTFIX_PLUS
  68                | pre_post_incr TOKEN_POSTFIX_MINUS
  69                | primary_expr

  70  primary_expr : ident
  71               | integer
  72               | string
  73               | char
  74               | TOKEN_TRUE
  75               | TOKEN_FALSE
  76               | TOKEN_LPAREN expr TOKEN_RPAREN
  77               | ident TOKEN_LPAREN expr_list TOKEN_RPAREN
  78               | ident TOKEN_LBRACKET expr_list TOKEN_RBRACKET

  79  ident : TOKEN_IDENT

  80  integer : TOKEN_INTEGER_LITERAL

  81  string : TOKEN_STRING_LITERAL

  82  char : TOKEN_CHAR_LITERAL

state 0
	$accept : . program $end  (0)
	decl_list : .  (3)

	TOKEN_IDENT  shift 1
	$end  reduce 3

	program  goto 2
	decl_list  goto 3
	decl  goto 4
	ident  goto 5


state 1
	ident : TOKEN_IDENT .  (79)

	.  reduce 79


state 2
	$accept : program . $end  (0)

	$end  accept


state 3
	program : decl_list .  (1)

	.  reduce 1


state 4
	decl_list : decl . decl_list  (2)
	decl_list : .  (3)

	TOKEN_IDENT  shift 1
	$end  reduce 3

	decl_list  goto 6
	decl  goto 4
	ident  goto 5


state 5
	decl : ident . TOKEN_COLON type TOKEN_SEMICOLON  (4)
	decl : ident . TOKEN_COLON type_basic TOKEN_ASSIGNMENT expr TOKEN_SEMICOLON  (5)
	decl : ident . TOKEN_COLON type_function TOKEN_ASSIGNMENT TOKEN_LCURLY stmt_list TOKEN_RCURLY  (6)
	decl : ident . TOKEN_COLON type_array TOKEN_ASSIGNMENT TOKEN_LCURLY expr_list TOKEN_RCURLY TOKEN_SEMICOLON  (7)

	TOKEN_COLON  shift 7
	.  error


state 6
	decl_list : decl decl_list .  (2)

	.  reduce 2


state 7
	decl : ident TOKEN_COLON . type TOKEN_SEMICOLON  (4)
	decl : ident TOKEN_COLON . type_basic TOKEN_ASSIGNMENT expr TOKEN_SEMICOLON  (5)
	decl : ident TOKEN_COLON . type_function TOKEN_ASSIGNMENT TOKEN_LCURLY stmt_list TOKEN_RCURLY  (6)
	decl : ident TOKEN_COLON . type_array TOKEN_ASSIGNMENT TOKEN_LCURLY expr_list TOKEN_RCURLY TOKEN_SEMICOLON  (7)

	TOKEN_ARRAY  shift 8
	TOKEN_BOOLEAN  shift 9
	TOKEN_CHAR  shift 10
	TOKEN_FUNCTION  shift 11
	TOKEN_INTEGER  shift 12
	TOKEN_STRING  shift 13
	TOKEN_VOID  shift 14
	.  error

	type  goto 15
	type_basic  goto 16
	type_array  goto 17
	type_function  goto 18


state 8
	type_array : TOKEN_ARRAY . TOKEN_LBRACKET opt_expr TOKEN_RBRACKET type  (16)

	TOKEN_LBRACKET  shift 19
	.  error


state 9
	type_basic : TOKEN_BOOLEAN .  (14)

	.  reduce 14


state 10
	type_basic : TOKEN_CHAR .  (13)

	.  reduce 13


state 11
	type_function : TOKEN_FUNCTION . type TOKEN_LPAREN param_list TOKEN_RPAREN  (17)

	TOKEN_ARRAY  shift 8
	TOKEN_BOOLEAN  shift 9
	TOKEN_CHAR  shift 10
	TOKEN_FUNCTION  shift 11
	TOKEN_INTEGER  shift 12
	TOKEN_STRING  shift 13
	TOKEN_VOID  shift 14
	.  error

	type  goto 20
	type_basic  goto 21
	type_array  goto 22
	type_function  goto 23


state 12
	type_basic : TOKEN_INTEGER .  (12)

	.  reduce 12


state 13
	type_basic : TOKEN_STRING .  (11)

	.  reduce 11


state 14
	type_basic : TOKEN_VOID .  (15)

	.  reduce 15


state 15
	decl : ident TOKEN_COLON type . TOKEN_SEMICOLON  (4)

	TOKEN_SEMICOLON  shift 24
	.  error


state 16
	decl : ident TOKEN_COLON type_basic . TOKEN_ASSIGNMENT expr TOKEN_SEMICOLON  (5)
	type : type_basic .  (8)

	TOKEN_ASSIGNMENT  shift 25
	TOKEN_SEMICOLON  reduce 8


state 17
	decl : ident TOKEN_COLON type_array . TOKEN_ASSIGNMENT TOKEN_LCURLY expr_list TOKEN_RCURLY TOKEN_SEMICOLON  (7)
	type : type_array .  (9)

	TOKEN_ASSIGNMENT  shift 26
	TOKEN_SEMICOLON  reduce 9


state 18
	decl : ident TOKEN_COLON type_function . TOKEN_ASSIGNMENT TOKEN_LCURLY stmt_list TOKEN_RCURLY  (6)
	type : type_function .  (10)

	TOKEN_ASSIGNMENT  shift 27
	TOKEN_SEMICOLON  reduce 10


state 19
	type_array : TOKEN_ARRAY TOKEN_LBRACKET . opt_expr TOKEN_RBRACKET type  (16)
	opt_expr : .  (36)

	TOKEN_FALSE  shift 28
	TOKEN_TRUE  shift 29
	TOKEN_IDENT  shift 1
	TOKEN_STRING_LITERAL  shift 30
	TOKEN_INTEGER_LITERAL  shift 31
	TOKEN_CHAR_LITERAL  shift 32
	TOKEN_MINUS  shift 33
	TOKEN_LOGICAL_NOT  shift 34
	TOKEN_LPAREN  shift 35
	TOKEN_RBRACKET  reduce 36

	opt_expr  goto 36
	expr  goto 37
	assignment_expr  goto 38
	logical_expr  goto 39
	comparison_expr  goto 40
	add_expr  goto 41
	mult_expr  goto 42
	exponent  goto 43
	factor  goto 44
	pre_post_incr  goto 45
	primary_expr  goto 46
	integer  goto 47
	string  goto 48
	char  goto 49
	ident  goto 50


state 20
	type_function : TOKEN_FUNCTION type . TOKEN_LPAREN param_list TOKEN_RPAREN  (17)

	TOKEN_LPAREN  shift 51
	.  error


state 21
	type : type_basic .  (8)

	.  reduce 8


state 22
	type : type_array .  (9)

	.  reduce 9


state 23
	type : type_function .  (10)

	.  reduce 10


state 24
	decl : ident TOKEN_COLON type TOKEN_SEMICOLON .  (4)

	.  reduce 4


state 25
	decl : ident TOKEN_COLON type_basic TOKEN_ASSIGNMENT . expr TOKEN_SEMICOLON  (5)

	TOKEN_FALSE  shift 28
	TOKEN_TRUE  shift 29
	TOKEN_IDENT  shift 1
	TOKEN_STRING_LITERAL  shift 30
	TOKEN_INTEGER_LITERAL  shift 31
	TOKEN_CHAR_LITERAL  shift 32
	TOKEN_MINUS  shift 33
	TOKEN_LOGICAL_NOT  shift 34
	TOKEN_LPAREN  shift 35
	.  error

	expr  goto 52
	assignment_expr  goto 38
	logical_expr  goto 39
	comparison_expr  goto 40
	add_expr  goto 41
	mult_expr  goto 42
	exponent  goto 43
	factor  goto 44
	pre_post_incr  goto 45
	primary_expr  goto 46
	integer  goto 47
	string  goto 48
	char  goto 49
	ident  goto 50


state 26
	decl : ident TOKEN_COLON type_array TOKEN_ASSIGNMENT . TOKEN_LCURLY expr_list TOKEN_RCURLY TOKEN_SEMICOLON  (7)

	TOKEN_LCURLY  shift 53
	.  error


state 27
	decl : ident TOKEN_COLON type_function TOKEN_ASSIGNMENT . TOKEN_LCURLY stmt_list TOKEN_RCURLY  (6)

	TOKEN_LCURLY  shift 54
	.  error


state 28
	primary_expr : TOKEN_FALSE .  (75)

	.  reduce 75


state 29
	primary_expr : TOKEN_TRUE .  (74)

	.  reduce 74


state 30
	string : TOKEN_STRING_LITERAL .  (81)

	.  reduce 81


state 31
	integer : TOKEN_INTEGER_LITERAL .  (80)

	.  reduce 80


state 32
	char : TOKEN_CHAR_LITERAL .  (82)

	.  reduce 82


state 33
	factor : TOKEN_MINUS . factor  (64)

	TOKEN_FALSE  shift 28
	TOKEN_TRUE  shift 29
	TOKEN_IDENT  shift 1
	TOKEN_STRING_LITERAL  shift 30
	TOKEN_INTEGER_LITERAL  shift 31
	TOKEN_CHAR_LITERAL  shift 32
	TOKEN_MINUS  shift 33
	TOKEN_LOGICAL_NOT  shift 34
	TOKEN_LPAREN  shift 35
	.  error

	factor  goto 55
	pre_post_incr  goto 45
	primary_expr  goto 46
	integer  goto 47
	string  goto 48
	char  goto 49
	ident  goto 50


state 34
	factor : TOKEN_LOGICAL_NOT . factor  (65)

	TOKEN_FALSE  shift 28
	TOKEN_TRUE  shift 29
	TOKEN_IDENT  shift 1
	TOKEN_STRING_LITERAL  shift 30
	TOKEN_INTEGER_LITERAL  shift 31
	TOKEN_CHAR_LITERAL  shift 32
	TOKEN_MINUS  shift 33
	TOKEN_LOGICAL_NOT  shift 34
	TOKEN_LPAREN  shift 35
	.  error

	factor  goto 56
	pre_post_incr  goto 45
	primary_expr  goto 46
	integer  goto 47
	string  goto 48
	char  goto 49
	ident  goto 50


state 35
	primary_expr : TOKEN_LPAREN . expr TOKEN_RPAREN  (76)

	TOKEN_FALSE  shift 28
	TOKEN_TRUE  shift 29
	TOKEN_IDENT  shift 1
	TOKEN_STRING_LITERAL  shift 30
	TOKEN_INTEGER_LITERAL  shift 31
	TOKEN_CHAR_LITERAL  shift 32
	TOKEN_MINUS  shift 33
	TOKEN_LOGICAL_NOT  shift 34
	TOKEN_LPAREN  shift 35
	.  error

	expr  goto 57
	assignment_expr  goto 38
	logical_expr  goto 39
	comparison_expr  goto 40
	add_expr  goto 41
	mult_expr  goto 42
	exponent  goto 43
	factor  goto 44
	pre_post_incr  goto 45
	primary_expr  goto 46
	integer  goto 47
	string  goto 48
	char  goto 49
	ident  goto 50


state 36
	type_array : TOKEN_ARRAY TOKEN_LBRACKET opt_expr . TOKEN_RBRACKET type  (16)

	TOKEN_RBRACKET  shift 58
	.  error


state 37
	opt_expr : expr .  (37)

	.  reduce 37


state 38
	expr : assignment_expr .  (42)
	assignment_expr : assignment_expr . TOKEN_ASSIGNMENT logical_expr  (43)

	TOKEN_ASSIGNMENT  shift 59
	TOKEN_SEMICOLON  reduce 42
	TOKEN_RPAREN  reduce 42
	TOKEN_RBRACKET  reduce 42
	TOKEN_RCURLY  reduce 42
	TOKEN_COMMA  reduce 42


state 39
	assignment_expr : logical_expr .  (44)
	logical_expr : logical_expr . TOKEN_LOGICAL_AND comparison_expr  (45)
	logical_expr : logical_expr . TOKEN_LOGICAL_OR comparison_expr  (46)

	TOKEN_LOGICAL_AND  shift 60
	TOKEN_LOGICAL_OR  shift 61
	TOKEN_SEMICOLON  reduce 44
	TOKEN_ASSIGNMENT  reduce 44
	TOKEN_RPAREN  reduce 44
	TOKEN_RBRACKET  reduce 44
	TOKEN_RCURLY  reduce 44
	TOKEN_COMMA  reduce 44


state 40
	logical_expr : comparison_expr .  (47)
	comparison_expr : comparison_expr . TOKEN_GE add_expr  (48)
	comparison_expr : comparison_expr . TOKEN_LE add_expr  (49)
	comparison_expr : comparison_expr . TOKEN_GT add_expr  (50)
	comparison_expr : comparison_expr . TOKEN_LT add_expr  (51)
	comparison_expr : comparison_expr . TOKEN_EQ add_expr  (52)
	comparison_expr : comparison_expr . TOKEN_NE add_expr  (53)

	TOKEN_GE  shift 62
	TOKEN_LE  shift 63
	TOKEN_GT  shift 64
	TOKEN_LT  shift 65
	TOKEN_EQ  shift 66
	TOKEN_NE  shift 67
	TOKEN_SEMICOLON  reduce 47
	TOKEN_LOGICAL_AND  reduce 47
	TOKEN_LOGICAL_OR  reduce 47
	TOKEN_ASSIGNMENT  reduce 47
	TOKEN_RPAREN  reduce 47
	TOKEN_RBRACKET  reduce 47
	TOKEN_RCURLY  reduce 47
	TOKEN_COMMA  reduce 47


state 41
	comparison_expr : add_expr .  (54)
	add_expr : add_expr . TOKEN_PLUS mult_expr  (55)
	add_expr : add_expr . TOKEN_MINUS mult_expr  (56)

	TOKEN_PLUS  shift 68
	TOKEN_MINUS  shift 69
	TOKEN_SEMICOLON  reduce 54
	TOKEN_GE  reduce 54
	TOKEN_LE  reduce 54
	TOKEN_GT  reduce 54
	TOKEN_LT  reduce 54
	TOKEN_EQ  reduce 54
	TOKEN_NE  reduce 54
	TOKEN_LOGICAL_AND  reduce 54
	TOKEN_LOGICAL_OR  reduce 54
	TOKEN_ASSIGNMENT  reduce 54
	TOKEN_RPAREN  reduce 54
	TOKEN_RBRACKET  reduce 54
	TOKEN_RCURLY  reduce 54
	TOKEN_COMMA  reduce 54


state 42
	add_expr : mult_expr .  (57)
	mult_expr : mult_expr . TOKEN_MULTIPLY exponent  (58)
	mult_expr : mult_expr . TOKEN_DIVIDE exponent  (59)
	mult_expr : mult_expr . TOKEN_MODULUS exponent  (60)

	TOKEN_MULTIPLY  shift 70
	TOKEN_DIVIDE  shift 71
	TOKEN_MODULUS  shift 72
	TOKEN_SEMICOLON  reduce 57
	TOKEN_GE  reduce 57
	TOKEN_LE  reduce 57
	TOKEN_GT  reduce 57
	TOKEN_LT  reduce 57
	TOKEN_EQ  reduce 57
	TOKEN_NE  reduce 57
	TOKEN_PLUS  reduce 57
	TOKEN_MINUS  reduce 57
	TOKEN_LOGICAL_AND  reduce 57
	TOKEN_LOGICAL_OR  reduce 57
	TOKEN_ASSIGNMENT  reduce 57
	TOKEN_RPAREN  reduce 57
	TOKEN_RBRACKET  reduce 57
	TOKEN_RCURLY  reduce 57
	TOKEN_COMMA  reduce 57


state 43
	mult_expr : exponent .  (61)
	exponent : exponent . TOKEN_EXPONENT factor  (62)

	TOKEN_EXPONENT  shift 73
	TOKEN_SEMICOLON  reduce 61
	TOKEN_GE  reduce 61
	TOKEN_LE  reduce 61
	TOKEN_GT  reduce 61
	TOKEN_LT  reduce 61
	TOKEN_EQ  reduce 61
	TOKEN_NE  reduce 61
	TOKEN_MULTIPLY  reduce 61
	TOKEN_DIVIDE  reduce 61
	TOKEN_MODULUS  reduce 61
	TOKEN_PLUS  reduce 61
	TOKEN_MINUS  reduce 61
	TOKEN_LOGICAL_AND  reduce 61
	TOKEN_LOGICAL_OR  reduce 61
	TOKEN_ASSIGNMENT  reduce 61
	TOKEN_RPAREN  reduce 61
	TOKEN_RBRACKET  reduce 61
	TOKEN_RCURLY  reduce 61
	TOKEN_COMMA  reduce 61


state 44
	exponent : factor .  (63)

	.  reduce 63


state 45
	factor : pre_post_incr .  (66)
	pre_post_incr : pre_post_incr . TOKEN_POSTFIX_PLUS  (67)
	pre_post_incr : pre_post_incr . TOKEN_POSTFIX_MINUS  (68)

	TOKEN_POSTFIX_PLUS  shift 74
	TOKEN_POSTFIX_MINUS  shift 75
	TOKEN_SEMICOLON  reduce 66
	TOKEN_GE  reduce 66
	TOKEN_LE  reduce 66
	TOKEN_GT  reduce 66
	TOKEN_LT  reduce 66
	TOKEN_EQ  reduce 66
	TOKEN_NE  reduce 66
	TOKEN_EXPONENT  reduce 66
	TOKEN_MULTIPLY  reduce 66
	TOKEN_DIVIDE  reduce 66
	TOKEN_MODULUS  reduce 66
	TOKEN_PLUS  reduce 66
	TOKEN_MINUS  reduce 66
	TOKEN_LOGICAL_AND  reduce 66
	TOKEN_LOGICAL_OR  reduce 66
	TOKEN_ASSIGNMENT  reduce 66
	TOKEN_RPAREN  reduce 66
	TOKEN_RBRACKET  reduce 66
	TOKEN_RCURLY  reduce 66
	TOKEN_COMMA  reduce 66


state 46
	pre_post_incr : primary_expr .  (69)

	.  reduce 69


state 47
	primary_expr : integer .  (71)

	.  reduce 71


state 48
	primary_expr : string .  (72)

	.  reduce 72


state 49
	primary_expr : char .  (73)

	.  reduce 73


state 50
	primary_expr : ident .  (70)
	primary_expr : ident . TOKEN_LPAREN expr_list TOKEN_RPAREN  (77)
	primary_expr : ident . TOKEN_LBRACKET expr_list TOKEN_RBRACKET  (78)

	TOKEN_LPAREN  shift 76
	TOKEN_LBRACKET  shift 77
	TOKEN_SEMICOLON  reduce 70
	TOKEN_GE  reduce 70
	TOKEN_LE  reduce 70
	TOKEN_GT  reduce 70
	TOKEN_LT  reduce 70
	TOKEN_EQ  reduce 70
	TOKEN_NE  reduce 70
	TOKEN_POSTFIX_PLUS  reduce 70
	TOKEN_POSTFIX_MINUS  reduce 70
	TOKEN_EXPONENT  reduce 70
	TOKEN_MULTIPLY  reduce 70
	TOKEN_DIVIDE  reduce 70
	TOKEN_MODULUS  reduce 70
	TOKEN_PLUS  reduce 70
	TOKEN_MINUS  reduce 70
	TOKEN_LOGICAL_AND  reduce 70
	TOKEN_LOGICAL_OR  reduce 70
	TOKEN_ASSIGNMENT  reduce 70
	TOKEN_RPAREN  reduce 70
	TOKEN_RBRACKET  reduce 70
	TOKEN_RCURLY  reduce 70
	TOKEN_COMMA  reduce 70


state 51
	type_function : TOKEN_FUNCTION type TOKEN_LPAREN . param_list TOKEN_RPAREN  (17)
	param_list : .  (18)

	TOKEN_IDENT  shift 1
	TOKEN_RPAREN  reduce 18

	param_list  goto 78
	non_empty_param_list  goto 79
	param  goto 80
	ident  goto 81


state 52
	decl : ident TOKEN_COLON type_basic TOKEN_ASSIGNMENT expr . TOKEN_SEMICOLON  (5)

	TOKEN_SEMICOLON  shift 82
	.  error


state 53
	decl : ident TOKEN_COLON type_array TOKEN_ASSIGNMENT TOKEN_LCURLY . expr_list TOKEN_RCURLY TOKEN_SEMICOLON  (7)
	expr_list : .  (38)

	TOKEN_FALSE  shift 28
	TOKEN_TRUE  shift 29
	TOKEN_IDENT  shift 1
	TOKEN_STRING_LITERAL  shift 30
	TOKEN_INTEGER_LITERAL  shift 31
	TOKEN_CHAR_LITERAL  shift 32
	TOKEN_MINUS  shift 33
	TOKEN_LOGICAL_NOT  shift 34
	TOKEN_LPAREN  shift 35
	TOKEN_RCURLY  reduce 38

	expr_list  goto 83
	non_empty_expr_list  goto 84
	expr  goto 85
	assignment_expr  goto 38
	logical_expr  goto 39
	comparison_expr  goto 40
	add_expr  goto 41
	mult_expr  goto 42
	exponent  goto 43
	factor  goto 44
	pre_post_incr  goto 45
	primary_expr  goto 46
	integer  goto 47
	string  goto 48
	char  goto 49
	ident  goto 50


state 54
	decl : ident TOKEN_COLON type_function TOKEN_ASSIGNMENT TOKEN_LCURLY . stmt_list TOKEN_RCURLY  (6)
	stmt_list : .  (23)

	TOKEN_FALSE  shift 28
	TOKEN_FOR  shift 86
	TOKEN_IF  shift 87
	TOKEN_PRINT  shift 88
	TOKEN_RETURN  shift 89
	TOKEN_TRUE  shift 29
	TOKEN_IDENT  shift 1
	TOKEN_STRING_LITERAL  shift 30
	TOKEN_INTEGER_LITERAL  shift 31
	TOKEN_CHAR_LITERAL  shift 32
	TOKEN_MINUS  shift 33
	TOKEN_LOGICAL_NOT  shift 34
	TOKEN_LPAREN  shift 35
	TOKEN_LCURLY  shift 90
	TOKEN_RCURLY  reduce 23

	decl  goto 91
	stmt  goto 92
	stmt_list  goto 93
	matched  goto 94
	unmatched  goto 95
	expr  goto 96
	assignment_expr  goto 38
	logical_expr  goto 39
	comparison_expr  goto 40
	add_expr  goto 41
	mult_expr  goto 42
	exponent  goto 43
	factor  goto 44
	pre_post_incr  goto 45
	primary_expr  goto 46
	integer  goto 47
	string  goto 48
	char  goto 49
	ident  goto 97


state 55
	factor : TOKEN_MINUS factor .  (64)

	.  reduce 64


state 56
	factor : TOKEN_LOGICAL_NOT factor .  (65)

	.  reduce 65


state 57
	primary_expr : TOKEN_LPAREN expr . TOKEN_RPAREN  (76)

	TOKEN_RPAREN  shift 98
	.  error


state 58
	type_array : TOKEN_ARRAY TOKEN_LBRACKET opt_expr TOKEN_RBRACKET . type  (16)

	TOKEN_ARRAY  shift 8
	TOKEN_BOOLEAN  shift 9
	TOKEN_CHAR  shift 10
	TOKEN_FUNCTION  shift 11
	TOKEN_INTEGER  shift 12
	TOKEN_STRING  shift 13
	TOKEN_VOID  shift 14
	.  error

	type  goto 99
	type_basic  goto 21
	type_array  goto 22
	type_function  goto 23


state 59
	assignment_expr : assignment_expr TOKEN_ASSIGNMENT . logical_expr  (43)

	TOKEN_FALSE  shift 28
	TOKEN_TRUE  shift 29
	TOKEN_IDENT  shift 1
	TOKEN_STRING_LITERAL  shift 30
	TOKEN_INTEGER_LITERAL  shift 31
	TOKEN_CHAR_LITERAL  shift 32
	TOKEN_MINUS  shift 33
	TOKEN_LOGICAL_NOT  shift 34
	TOKEN_LPAREN  shift 35
	.  error

	logical_expr  goto 100
	comparison_expr  goto 40
	add_expr  goto 41
	mult_expr  goto 42
	exponent  goto 43
	factor  goto 44
	pre_post_incr  goto 45
	primary_expr  goto 46
	integer  goto 47
	string  goto 48
	char  goto 49
	ident  goto 50


state 60
	logical_expr : logical_expr TOKEN_LOGICAL_AND . comparison_expr  (45)

	TOKEN_FALSE  shift 28
	TOKEN_TRUE  shift 29
	TOKEN_IDENT  shift 1
	TOKEN_STRING_LITERAL  shift 30
	TOKEN_INTEGER_LITERAL  shift 31
	TOKEN_CHAR_LITERAL  shift 32
	TOKEN_MINUS  shift 33
	TOKEN_LOGICAL_NOT  shift 34
	TOKEN_LPAREN  shift 35
	.  error

	comparison_expr  goto 101
	add_expr  goto 41
	mult_expr  goto 42
	exponent  goto 43
	factor  goto 44
	pre_post_incr  goto 45
	primary_expr  goto 46
	integer  goto 47
	string  goto 48
	char  goto 49
	ident  goto 50


state 61
	logical_expr : logical_expr TOKEN_LOGICAL_OR . comparison_expr  (46)

	TOKEN_FALSE  shift 28
	TOKEN_TRUE  shift 29
	TOKEN_IDENT  shift 1
	TOKEN_STRING_LITERAL  shift 30
	TOKEN_INTEGER_LITERAL  shift 31
	TOKEN_CHAR_LITERAL  shift 32
	TOKEN_MINUS  shift 33
	TOKEN_LOGICAL_NOT  shift 34
	TOKEN_LPAREN  shift 35
	.  error

	comparison_expr  goto 102
	add_expr  goto 41
	mult_expr  goto 42
	exponent  goto 43
	factor  goto 44
	pre_post_incr  goto 45
	primary_expr  goto 46
	integer  goto 47
	string  goto 48
	char  goto 49
	ident  goto 50


state 62
	comparison_expr : comparison_expr TOKEN_GE . add_expr  (48)

	TOKEN_FALSE  shift 28
	TOKEN_TRUE  shift 29
	TOKEN_IDENT  shift 1
	TOKEN_STRING_LITERAL  shift 30
	TOKEN_INTEGER_LITERAL  shift 31
	TOKEN_CHAR_LITERAL  shift 32
	TOKEN_MINUS  shift 33
	TOKEN_LOGICAL_NOT  shift 34
	TOKEN_LPAREN  shift 35
	.  error

	add_expr  goto 103
	mult_expr  goto 42
	exponent  goto 43
	factor  goto 44
	pre_post_incr  goto 45
	primary_expr  goto 46
	integer  goto 47
	string  goto 48
	char  goto 49
	ident  goto 50


state 63
	comparison_expr : comparison_expr TOKEN_LE . add_expr  (49)

	TOKEN_FALSE  shift 28
	TOKEN_TRUE  shift 29
	TOKEN_IDENT  shift 1
	TOKEN_STRING_LITERAL  shift 30
	TOKEN_INTEGER_LITERAL  shift 31
	TOKEN_CHAR_LITERAL  shift 32
	TOKEN_MINUS  shift 33
	TOKEN_LOGICAL_NOT  shift 34
	TOKEN_LPAREN  shift 35
	.  error

	add_expr  goto 104
	mult_expr  goto 42
	exponent  goto 43
	factor  goto 44
	pre_post_incr  goto 45
	primary_expr  goto 46
	integer  goto 47
	string  goto 48
	char  goto 49
	ident  goto 50


state 64
	comparison_expr : comparison_expr TOKEN_GT . add_expr  (50)

	TOKEN_FALSE  shift 28
	TOKEN_TRUE  shift 29
	TOKEN_IDENT  shift 1
	TOKEN_STRING_LITERAL  shift 30
	TOKEN_INTEGER_LITERAL  shift 31
	TOKEN_CHAR_LITERAL  shift 32
	TOKEN_MINUS  shift 33
	TOKEN_LOGICAL_NOT  shift 34
	TOKEN_LPAREN  shift 35
	.  error

	add_expr  goto 105
	mult_expr  goto 42
	exponent  goto 43
	factor  goto 44
	pre_post_incr  goto 45
	primary_expr  goto 46
	integer  goto 47
	string  goto 48
	char  goto 49
	ident  goto 50


state 65
	comparison_expr : comparison_expr TOKEN_LT . add_expr  (51)

	TOKEN_FALSE  shift 28
	TOKEN_TRUE  shift 29
	TOKEN_IDENT  shift 1
	TOKEN_STRING_LITERAL  shift 30
	TOKEN_INTEGER_LITERAL  shift 31
	TOKEN_CHAR_LITERAL  shift 32
	TOKEN_MINUS  shift 33
	TOKEN_LOGICAL_NOT  shift 34
	TOKEN_LPAREN  shift 35
	.  error

	add_expr  goto 106
	mult_expr  goto 42
	exponent  goto 43
	factor  goto 44
	pre_post_incr  goto 45
	primary_expr  goto 46
	integer  goto 47
	string  goto 48
	char  goto 49
	ident  goto 50


state 66
	comparison_expr : comparison_expr TOKEN_EQ . add_expr  (52)

	TOKEN_FALSE  shift 28
	TOKEN_TRUE  shift 29
	TOKEN_IDENT  shift 1
	TOKEN_STRING_LITERAL  shift 30
	TOKEN_INTEGER_LITERAL  shift 31
	TOKEN_CHAR_LITERAL  shift 32
	TOKEN_MINUS  shift 33
	TOKEN_LOGICAL_NOT  shift 34
	TOKEN_LPAREN  shift 35
	.  error

	add_expr  goto 107
	mult_expr  goto 42
	exponent  goto 43
	factor  goto 44
	pre_post_incr  goto 45
	primary_expr  goto 46
	integer  goto 47
	string  goto 48
	char  goto 49
	ident  goto 50


state 67
	comparison_expr : comparison_expr TOKEN_NE . add_expr  (53)

	TOKEN_FALSE  shift 28
	TOKEN_TRUE  shift 29
	TOKEN_IDENT  shift 1
	TOKEN_STRING_LITERAL  shift 30
	TOKEN_INTEGER_LITERAL  shift 31
	TOKEN_CHAR_LITERAL  shift 32
	TOKEN_MINUS  shift 33
	TOKEN_LOGICAL_NOT  shift 34
	TOKEN_LPAREN  shift 35
	.  error

	add_expr  goto 108
	mult_expr  goto 42
	exponent  goto 43
	factor  goto 44
	pre_post_incr  goto 45
	primary_expr  goto 46
	integer  goto 47
	string  goto 48
	char  goto 49
	ident  goto 50


state 68
	add_expr : add_expr TOKEN_PLUS . mult_expr  (55)

	TOKEN_FALSE  shift 28
	TOKEN_TRUE  shift 29
	TOKEN_IDENT  shift 1
	TOKEN_STRING_LITERAL  shift 30
	TOKEN_INTEGER_LITERAL  shift 31
	TOKEN_CHAR_LITERAL  shift 32
	TOKEN_MINUS  shift 33
	TOKEN_LOGICAL_NOT  shift 34
	TOKEN_LPAREN  shift 35
	.  error

	mult_expr  goto 109
	exponent  goto 43
	factor  goto 44
	pre_post_incr  goto 45
	primary_expr  goto 46
	integer  goto 47
	string  goto 48
	char  goto 49
	ident  goto 50


state 69
	add_expr : add_expr TOKEN_MINUS . mult_expr  (56)

	TOKEN_FALSE  shift 28
	TOKEN_TRUE  shift 29
	TOKEN_IDENT  shift 1
	TOKEN_STRING_LITERAL  shift 30
	TOKEN_INTEGER_LITERAL  shift 31
	TOKEN_CHAR_LITERAL  shift 32
	TOKEN_MINUS  shift 33
	TOKEN_LOGICAL_NOT  shift 34
	TOKEN_LPAREN  shift 35
	.  error

	mult_expr  goto 110
	exponent  goto 43
	factor  goto 44
	pre_post_incr  goto 45
	primary_expr  goto 46
	integer  goto 47
	string  goto 48
	char  goto 49
	ident  goto 50


state 70
	mult_expr : mult_expr TOKEN_MULTIPLY . exponent  (58)

	TOKEN_FALSE  shift 28
	TOKEN_TRUE  shift 29
	TOKEN_IDENT  shift 1
	TOKEN_STRING_LITERAL  shift 30
	TOKEN_INTEGER_LITERAL  shift 31
	TOKEN_CHAR_LITERAL  shift 32
	TOKEN_MINUS  shift 33
	TOKEN_LOGICAL_NOT  shift 34
	TOKEN_LPAREN  shift 35
	.  error

	exponent  goto 111
	factor  goto 44
	pre_post_incr  goto 45
	primary_expr  goto 46
	integer  goto 47
	string  goto 48
	char  goto 49
	ident  goto 50


state 71
	mult_expr : mult_expr TOKEN_DIVIDE . exponent  (59)

	TOKEN_FALSE  shift 28
	TOKEN_TRUE  shift 29
	TOKEN_IDENT  shift 1
	TOKEN_STRING_LITERAL  shift 30
	TOKEN_INTEGER_LITERAL  shift 31
	TOKEN_CHAR_LITERAL  shift 32
	TOKEN_MINUS  shift 33
	TOKEN_LOGICAL_NOT  shift 34
	TOKEN_LPAREN  shift 35
	.  error

	exponent  goto 112
	factor  goto 44
	pre_post_incr  goto 45
	primary_expr  goto 46
	integer  goto 47
	string  goto 48
	char  goto 49
	ident  goto 50


state 72
	mult_expr : mult_expr TOKEN_MODULUS . exponent  (60)

	TOKEN_FALSE  shift 28
	TOKEN_TRUE  shift 29
	TOKEN_IDENT  shift 1
	TOKEN_STRING_LITERAL  shift 30
	TOKEN_INTEGER_LITERAL  shift 31
	TOKEN_CHAR_LITERAL  shift 32
	TOKEN_MINUS  shift 33
	TOKEN_LOGICAL_NOT  shift 34
	TOKEN_LPAREN  shift 35
	.  error

	exponent  goto 113
	factor  goto 44
	pre_post_incr  goto 45
	primary_expr  goto 46
	integer  goto 47
	string  goto 48
	char  goto 49
	ident  goto 50


state 73
	exponent : exponent TOKEN_EXPONENT . factor  (62)

	TOKEN_FALSE  shift 28
	TOKEN_TRUE  shift 29
	TOKEN_IDENT  shift 1
	TOKEN_STRING_LITERAL  shift 30
	TOKEN_INTEGER_LITERAL  shift 31
	TOKEN_CHAR_LITERAL  shift 32
	TOKEN_MINUS  shift 33
	TOKEN_LOGICAL_NOT  shift 34
	TOKEN_LPAREN  shift 35
	.  error

	factor  goto 114
	pre_post_incr  goto 45
	primary_expr  goto 46
	integer  goto 47
	string  goto 48
	char  goto 49
	ident  goto 50


state 74
	pre_post_incr : pre_post_incr TOKEN_POSTFIX_PLUS .  (67)

	.  reduce 67


state 75
	pre_post_incr : pre_post_incr TOKEN_POSTFIX_MINUS .  (68)

	.  reduce 68


state 76
	primary_expr : ident TOKEN_LPAREN . expr_list TOKEN_RPAREN  (77)
	expr_list : .  (38)

	TOKEN_FALSE  shift 28
	TOKEN_TRUE  shift 29
	TOKEN_IDENT  shift 1
	TOKEN_STRING_LITERAL  shift 30
	TOKEN_INTEGER_LITERAL  shift 31
	TOKEN_CHAR_LITERAL  shift 32
	TOKEN_MINUS  shift 33
	TOKEN_LOGICAL_NOT  shift 34
	TOKEN_LPAREN  shift 35
	TOKEN_RPAREN  reduce 38

	expr_list  goto 115
	non_empty_expr_list  goto 84
	expr  goto 85
	assignment_expr  goto 38
	logical_expr  goto 39
	comparison_expr  goto 40
	add_expr  goto 41
	mult_expr  goto 42
	exponent  goto 43
	factor  goto 44
	pre_post_incr  goto 45
	primary_expr  goto 46
	integer  goto 47
	string  goto 48
	char  goto 49
	ident  goto 50


state 77
	primary_expr : ident TOKEN_LBRACKET . expr_list TOKEN_RBRACKET  (78)
	expr_list : .  (38)

	TOKEN_FALSE  shift 28
	TOKEN_TRUE  shift 29
	TOKEN_IDENT  shift 1
	TOKEN_STRING_LITERAL  shift 30
	TOKEN_INTEGER_LITERAL  shift 31
	TOKEN_CHAR_LITERAL  shift 32
	TOKEN_MINUS  shift 33
	TOKEN_LOGICAL_NOT  shift 34
	TOKEN_LPAREN  shift 35
	TOKEN_RBRACKET  reduce 38

	expr_list  goto 116
	non_empty_expr_list  goto 84
	expr  goto 85
	assignment_expr  goto 38
	logical_expr  goto 39
	comparison_expr  goto 40
	add_expr  goto 41
	mult_expr  goto 42
	exponent  goto 43
	factor  goto 44
	pre_post_incr  goto 45
	primary_expr  goto 46
	integer  goto 47
	string  goto 48
	char  goto 49
	ident  goto 50


state 78
	type_function : TOKEN_FUNCTION type TOKEN_LPAREN param_list . TOKEN_RPAREN  (17)

	TOKEN_RPAREN  shift 117
	.  error


state 79
	param_list : non_empty_param_list .  (19)

	.  reduce 19


state 80
	non_empty_param_list : param .  (20)
	non_empty_param_list : param . TOKEN_COMMA non_empty_param_list  (21)

	TOKEN_COMMA  shift 118
	TOKEN_RPAREN  reduce 20


state 81
	param : ident . TOKEN_COLON type  (22)

	TOKEN_COLON  shift 119
	.  error


state 82
	decl : ident TOKEN_COLON type_basic TOKEN_ASSIGNMENT expr TOKEN_SEMICOLON .  (5)

	.  reduce 5


state 83
	decl : ident TOKEN_COLON type_array TOKEN_ASSIGNMENT TOKEN_LCURLY expr_list . TOKEN_RCURLY TOKEN_SEMICOLON  (7)

	TOKEN_RCURLY  shift 120
	.  error


state 84
	expr_list : non_empty_expr_list .  (39)

	.  reduce 39


state 85
	non_empty_expr_list : expr .  (40)
	non_empty_expr_list : expr . TOKEN_COMMA non_empty_expr_list  (41)

	TOKEN_COMMA  shift 121
	TOKEN_SEMICOLON  reduce 40
	TOKEN_RPAREN  reduce 40
	TOKEN_RBRACKET  reduce 40
	TOKEN_RCURLY  reduce 40


state 86
	matched : TOKEN_FOR . TOKEN_LPAREN opt_expr TOKEN_SEMICOLON opt_expr TOKEN_SEMICOLON opt_expr TOKEN_RPAREN matched  (33)

	TOKEN_LPAREN  shift 122
	.  error


state 87
	matched : TOKEN_IF . TOKEN_LPAREN expr TOKEN_RPAREN matched TOKEN_ELSE matched  (28)
	unmatched : TOKEN_IF . TOKEN_LPAREN expr TOKEN_RPAREN stmt  (34)
	unmatched : TOKEN_IF . TOKEN_LPAREN expr TOKEN_RPAREN matched TOKEN_ELSE unmatched  (35)

	TOKEN_LPAREN  shift 123
	.  error


state 88
	matched : TOKEN_PRINT . expr_list TOKEN_SEMICOLON  (32)
	expr_list : .  (38)

	TOKEN_FALSE  shift 28
	TOKEN_TRUE  shift 29
	TOKEN_IDENT  shift 1
	TOKEN_STRING_LITERAL  shift 30
	TOKEN_INTEGER_LITERAL  shift 31
	TOKEN_CHAR_LITERAL  shift 32
	TOKEN_MINUS  shift 33
	TOKEN_LOGICAL_NOT  shift 34
	TOKEN_LPAREN  shift 35
	TOKEN_SEMICOLON  reduce 38

	expr_list  goto 124
	non_empty_expr_list  goto 84
	expr  goto 85
	assignment_expr  goto 38
	logical_expr  goto 39
	comparison_expr  goto 40
	add_expr  goto 41
	mult_expr  goto 42
	exponent  goto 43
	factor  goto 44
	pre_post_incr  goto 45
	primary_expr  goto 46
	integer  goto 47
	string  goto 48
	char  goto 49
	ident  goto 50


state 89
	matched : TOKEN_RETURN . opt_expr TOKEN_SEMICOLON  (31)
	opt_expr : .  (36)

	TOKEN_FALSE  shift 28
	TOKEN_TRUE  shift 29
	TOKEN_IDENT  shift 1
	TOKEN_STRING_LITERAL  shift 30
	TOKEN_INTEGER_LITERAL  shift 31
	TOKEN_CHAR_LITERAL  shift 32
	TOKEN_MINUS  shift 33
	TOKEN_LOGICAL_NOT  shift 34
	TOKEN_LPAREN  shift 35
	TOKEN_SEMICOLON  reduce 36

	opt_expr  goto 125
	expr  goto 37
	assignment_expr  goto 38
	logical_expr  goto 39
	comparison_expr  goto 40
	add_expr  goto 41
	mult_expr  goto 42
	exponent  goto 43
	factor  goto 44
	pre_post_incr  goto 45
	primary_expr  goto 46
	integer  goto 47
	string  goto 48
	char  goto 49
	ident  goto 50


state 90
	matched : TOKEN_LCURLY . stmt_list TOKEN_RCURLY  (30)
	stmt_list : .  (23)

	TOKEN_FALSE  shift 28
	TOKEN_FOR  shift 86
	TOKEN_IF  shift 87
	TOKEN_PRINT  shift 88
	TOKEN_RETURN  shift 89
	TOKEN_TRUE  shift 29
	TOKEN_IDENT  shift 1
	TOKEN_STRING_LITERAL  shift 30
	TOKEN_INTEGER_LITERAL  shift 31
	TOKEN_CHAR_LITERAL  shift 32
	TOKEN_MINUS  shift 33
	TOKEN_LOGICAL_NOT  shift 34
	TOKEN_LPAREN  shift 35
	TOKEN_LCURLY  shift 90
	TOKEN_RCURLY  reduce 23

	decl  goto 91
	stmt  goto 92
	stmt_list  goto 126
	matched  goto 94
	unmatched  goto 95
	expr  goto 96
	assignment_expr  goto 38
	logical_expr  goto 39
	comparison_expr  goto 40
	add_expr  goto 41
	mult_expr  goto 42
	exponent  goto 43
	factor  goto 44
	pre_post_incr  goto 45
	primary_expr  goto 46
	integer  goto 47
	string  goto 48
	char  goto 49
	ident  goto 97


state 91
	matched : decl .  (27)

	.  reduce 27


state 92
	stmt_list : stmt . stmt_list  (24)
	stmt_list : .  (23)

	TOKEN_FALSE  shift 28
	TOKEN_FOR  shift 86
	TOKEN_IF  shift 87
	TOKEN_PRINT  shift 88
	TOKEN_RETURN  shift 89
	TOKEN_TRUE  shift 29
	TOKEN_IDENT  shift 1
	TOKEN_STRING_LITERAL  shift 30
	TOKEN_INTEGER_LITERAL  shift 31
	TOKEN_CHAR_LITERAL  shift 32
	TOKEN_MINUS  shift 33
	TOKEN_LOGICAL_NOT  shift 34
	TOKEN_LPAREN  shift 35
	TOKEN_LCURLY  shift 90
	TOKEN_RCURLY  reduce 23

	decl  goto 91
	stmt  goto 92
	stmt_list  goto 127
	matched  goto 94
	unmatched  goto 95
	expr  goto 96
	assignment_expr  goto 38
	logical_expr  goto 39
	comparison_expr  goto 40
	add_expr  goto 41
	mult_expr  goto 42
	exponent  goto 43
	factor  goto 44
	pre_post_incr  goto 45
	primary_expr  goto 46
	integer  goto 47
	string  goto 48
	char  goto 49
	ident  goto 97


state 93
	decl : ident TOKEN_COLON type_function TOKEN_ASSIGNMENT TOKEN_LCURLY stmt_list . TOKEN_RCURLY  (6)

	TOKEN_RCURLY  shift 128
	.  error


state 94
	stmt : matched .  (25)

	.  reduce 25


state 95
	stmt : unmatched .  (26)

	.  reduce 26


state 96
	matched : expr . TOKEN_SEMICOLON  (29)

	TOKEN_SEMICOLON  shift 129
	.  error


state 97
	decl : ident . TOKEN_COLON type TOKEN_SEMICOLON  (4)
	decl : ident . TOKEN_COLON type_basic TOKEN_ASSIGNMENT expr TOKEN_SEMICOLON  (5)
	decl : ident . TOKEN_COLON type_function TOKEN_ASSIGNMENT TOKEN_LCURLY stmt_list TOKEN_RCURLY  (6)
	decl : ident . TOKEN_COLON type_array TOKEN_ASSIGNMENT TOKEN_LCURLY expr_list TOKEN_RCURLY TOKEN_SEMICOLON  (7)
	primary_expr : ident .  (70)
	primary_expr : ident . TOKEN_LPAREN expr_list TOKEN_RPAREN  (77)
	primary_expr : ident . TOKEN_LBRACKET expr_list TOKEN_RBRACKET  (78)

	TOKEN_LPAREN  shift 76
	TOKEN_LBRACKET  shift 77
	TOKEN_COLON  shift 7
	TOKEN_SEMICOLON  reduce 70
	TOKEN_GE  reduce 70
	TOKEN_LE  reduce 70
	TOKEN_GT  reduce 70
	TOKEN_LT  reduce 70
	TOKEN_EQ  reduce 70
	TOKEN_NE  reduce 70
	TOKEN_POSTFIX_PLUS  reduce 70
	TOKEN_POSTFIX_MINUS  reduce 70
	TOKEN_EXPONENT  reduce 70
	TOKEN_MULTIPLY  reduce 70
	TOKEN_DIVIDE  reduce 70
	TOKEN_MODULUS  reduce 70
	TOKEN_PLUS  reduce 70
	TOKEN_MINUS  reduce 70
	TOKEN_LOGICAL_AND  reduce 70
	TOKEN_LOGICAL_OR  reduce 70
	TOKEN_ASSIGNMENT  reduce 70


state 98
	primary_expr : TOKEN_LPAREN expr TOKEN_RPAREN .  (76)

	.  reduce 76


state 99
	type_array : TOKEN_ARRAY TOKEN_LBRACKET opt_expr TOKEN_RBRACKET type .  (16)

	.  reduce 16


state 100
	assignment_expr : assignment_expr TOKEN_ASSIGNMENT logical_expr .  (43)
	logical_expr : logical_expr . TOKEN_LOGICAL_AND comparison_expr  (45)
	logical_expr : logical_expr . TOKEN_LOGICAL_OR comparison_expr  (46)

	TOKEN_LOGICAL_AND  shift 60
	TOKEN_LOGICAL_OR  shift 61
	TOKEN_SEMICOLON  reduce 43
	TOKEN_ASSIGNMENT  reduce 43
	TOKEN_RPAREN  reduce 43
	TOKEN_RBRACKET  reduce 43
	TOKEN_RCURLY  reduce 43
	TOKEN_COMMA  reduce 43


state 101
	logical_expr : logical_expr TOKEN_LOGICAL_AND comparison_expr .  (45)
	comparison_expr : comparison_expr . TOKEN_GE add_expr  (48)
	comparison_expr : comparison_expr . TOKEN_LE add_expr  (49)
	comparison_expr : comparison_expr . TOKEN_GT add_expr  (50)
	comparison_expr : comparison_expr . TOKEN_LT add_expr  (51)
	comparison_expr : comparison_expr . TOKEN_EQ add_expr  (52)
	comparison_expr : comparison_expr . TOKEN_NE add_expr  (53)

	TOKEN_GE  shift 62
	TOKEN_LE  shift 63
	TOKEN_GT  shift 64
	TOKEN_LT  shift 65
	TOKEN_EQ  shift 66
	TOKEN_NE  shift 67
	TOKEN_SEMICOLON  reduce 45
	TOKEN_LOGICAL_AND  reduce 45
	TOKEN_LOGICAL_OR  reduce 45
	TOKEN_ASSIGNMENT  reduce 45
	TOKEN_RPAREN  reduce 45
	TOKEN_RBRACKET  reduce 45
	TOKEN_RCURLY  reduce 45
	TOKEN_COMMA  reduce 45


state 102
	logical_expr : logical_expr TOKEN_LOGICAL_OR comparison_expr .  (46)
	comparison_expr : comparison_expr . TOKEN_GE add_expr  (48)
	comparison_expr : comparison_expr . TOKEN_LE add_expr  (49)
	comparison_expr : comparison_expr . TOKEN_GT add_expr  (50)
	comparison_expr : comparison_expr . TOKEN_LT add_expr  (51)
	comparison_expr : comparison_expr . TOKEN_EQ add_expr  (52)
	comparison_expr : comparison_expr . TOKEN_NE add_expr  (53)

	TOKEN_GE  shift 62
	TOKEN_LE  shift 63
	TOKEN_GT  shift 64
	TOKEN_LT  shift 65
	TOKEN_EQ  shift 66
	TOKEN_NE  shift 67
	TOKEN_SEMICOLON  reduce 46
	TOKEN_LOGICAL_AND  reduce 46
	TOKEN_LOGICAL_OR  reduce 46
	TOKEN_ASSIGNMENT  reduce 46
	TOKEN_RPAREN  reduce 46
	TOKEN_RBRACKET  reduce 46
	TOKEN_RCURLY  reduce 46
	TOKEN_COMMA  reduce 46


state 103
	comparison_expr : comparison_expr TOKEN_GE add_expr .  (48)
	add_expr : add_expr . TOKEN_PLUS mult_expr  (55)
	add_expr : add_expr . TOKEN_MINUS mult_expr  (56)

	TOKEN_PLUS  shift 68
	TOKEN_MINUS  shift 69
	TOKEN_SEMICOLON  reduce 48
	TOKEN_GE  reduce 48
	TOKEN_LE  reduce 48
	TOKEN_GT  reduce 48
	TOKEN_LT  reduce 48
	TOKEN_EQ  reduce 48
	TOKEN_NE  reduce 48
	TOKEN_LOGICAL_AND  reduce 48
	TOKEN_LOGICAL_OR  reduce 48
	TOKEN_ASSIGNMENT  reduce 48
	TOKEN_RPAREN  reduce 48
	TOKEN_RBRACKET  reduce 48
	TOKEN_RCURLY  reduce 48
	TOKEN_COMMA  reduce 48


state 104
	comparison_expr : comparison_expr TOKEN_LE add_expr .  (49)
	add_expr : add_expr . TOKEN_PLUS mult_expr  (55)
	add_expr : add_expr . TOKEN_MINUS mult_expr  (56)

	TOKEN_PLUS  shift 68
	TOKEN_MINUS  shift 69
	TOKEN_SEMICOLON  reduce 49
	TOKEN_GE  reduce 49
	TOKEN_LE  reduce 49
	TOKEN_GT  reduce 49
	TOKEN_LT  reduce 49
	TOKEN_EQ  reduce 49
	TOKEN_NE  reduce 49
	TOKEN_LOGICAL_AND  reduce 49
	TOKEN_LOGICAL_OR  reduce 49
	TOKEN_ASSIGNMENT  reduce 49
	TOKEN_RPAREN  reduce 49
	TOKEN_RBRACKET  reduce 49
	TOKEN_RCURLY  reduce 49
	TOKEN_COMMA  reduce 49


state 105
	comparison_expr : comparison_expr TOKEN_GT add_expr .  (50)
	add_expr : add_expr . TOKEN_PLUS mult_expr  (55)
	add_expr : add_expr . TOKEN_MINUS mult_expr  (56)

	TOKEN_PLUS  shift 68
	TOKEN_MINUS  shift 69
	TOKEN_SEMICOLON  reduce 50
	TOKEN_GE  reduce 50
	TOKEN_LE  reduce 50
	TOKEN_GT  reduce 50
	TOKEN_LT  reduce 50
	TOKEN_EQ  reduce 50
	TOKEN_NE  reduce 50
	TOKEN_LOGICAL_AND  reduce 50
	TOKEN_LOGICAL_OR  reduce 50
	TOKEN_ASSIGNMENT  reduce 50
	TOKEN_RPAREN  reduce 50
	TOKEN_RBRACKET  reduce 50
	TOKEN_RCURLY  reduce 50
	TOKEN_COMMA  reduce 50


state 106
	comparison_expr : comparison_expr TOKEN_LT add_expr .  (51)
	add_expr : add_expr . TOKEN_PLUS mult_expr  (55)
	add_expr : add_expr . TOKEN_MINUS mult_expr  (56)

	TOKEN_PLUS  shift 68
	TOKEN_MINUS  shift 69
	TOKEN_SEMICOLON  reduce 51
	TOKEN_GE  reduce 51
	TOKEN_LE  reduce 51
	TOKEN_GT  reduce 51
	TOKEN_LT  reduce 51
	TOKEN_EQ  reduce 51
	TOKEN_NE  reduce 51
	TOKEN_LOGICAL_AND  reduce 51
	TOKEN_LOGICAL_OR  reduce 51
	TOKEN_ASSIGNMENT  reduce 51
	TOKEN_RPAREN  reduce 51
	TOKEN_RBRACKET  reduce 51
	TOKEN_RCURLY  reduce 51
	TOKEN_COMMA  reduce 51


state 107
	comparison_expr : comparison_expr TOKEN_EQ add_expr .  (52)
	add_expr : add_expr . TOKEN_PLUS mult_expr  (55)
	add_expr : add_expr . TOKEN_MINUS mult_expr  (56)

	TOKEN_PLUS  shift 68
	TOKEN_MINUS  shift 69
	TOKEN_SEMICOLON  reduce 52
	TOKEN_GE  reduce 52
	TOKEN_LE  reduce 52
	TOKEN_GT  reduce 52
	TOKEN_LT  reduce 52
	TOKEN_EQ  reduce 52
	TOKEN_NE  reduce 52
	TOKEN_LOGICAL_AND  reduce 52
	TOKEN_LOGICAL_OR  reduce 52
	TOKEN_ASSIGNMENT  reduce 52
	TOKEN_RPAREN  reduce 52
	TOKEN_RBRACKET  reduce 52
	TOKEN_RCURLY  reduce 52
	TOKEN_COMMA  reduce 52


state 108
	comparison_expr : comparison_expr TOKEN_NE add_expr .  (53)
	add_expr : add_expr . TOKEN_PLUS mult_expr  (55)
	add_expr : add_expr . TOKEN_MINUS mult_expr  (56)

	TOKEN_PLUS  shift 68
	TOKEN_MINUS  shift 69
	TOKEN_SEMICOLON  reduce 53
	TOKEN_GE  reduce 53
	TOKEN_LE  reduce 53
	TOKEN_GT  reduce 53
	TOKEN_LT  reduce 53
	TOKEN_EQ  reduce 53
	TOKEN_NE  reduce 53
	TOKEN_LOGICAL_AND  reduce 53
	TOKEN_LOGICAL_OR  reduce 53
	TOKEN_ASSIGNMENT  reduce 53
	TOKEN_RPAREN  reduce 53
	TOKEN_RBRACKET  reduce 53
	TOKEN_RCURLY  reduce 53
	TOKEN_COMMA  reduce 53


state 109
	add_expr : add_expr TOKEN_PLUS mult_expr .  (55)
	mult_expr : mult_expr . TOKEN_MULTIPLY exponent  (58)
	mult_expr : mult_expr . TOKEN_DIVIDE exponent  (59)
	mult_expr : mult_expr . TOKEN_MODULUS exponent  (60)

	TOKEN_MULTIPLY  shift 70
	TOKEN_DIVIDE  shift 71
	TOKEN_MODULUS  shift 72
	TOKEN_SEMICOLON  reduce 55
	TOKEN_GE  reduce 55
	TOKEN_LE  reduce 55
	TOKEN_GT  reduce 55
	TOKEN_LT  reduce 55
	TOKEN_EQ  reduce 55
	TOKEN_NE  reduce 55
	TOKEN_PLUS  reduce 55
	TOKEN_MINUS  reduce 55
	TOKEN_LOGICAL_AND  reduce 55
	TOKEN_LOGICAL_OR  reduce 55
	TOKEN_ASSIGNMENT  reduce 55
	TOKEN_RPAREN  reduce 55
	TOKEN_RBRACKET  reduce 55
	TOKEN_RCURLY  reduce 55
	TOKEN_COMMA  reduce 55


state 110
	add_expr : add_expr TOKEN_MINUS mult_expr .  (56)
	mult_expr : mult_expr . TOKEN_MULTIPLY exponent  (58)
	mult_expr : mult_expr . TOKEN_DIVIDE exponent  (59)
	mult_expr : mult_expr . TOKEN_MODULUS exponent  (60)

	TOKEN_MULTIPLY  shift 70
	TOKEN_DIVIDE  shift 71
	TOKEN_MODULUS  shift 72
	TOKEN_SEMICOLON  reduce 56
	TOKEN_GE  reduce 56
	TOKEN_LE  reduce 56
	TOKEN_GT  reduce 56
	TOKEN_LT  reduce 56
	TOKEN_EQ  reduce 56
	TOKEN_NE  reduce 56
	TOKEN_PLUS  reduce 56
	TOKEN_MINUS  reduce 56
	TOKEN_LOGICAL_AND  reduce 56
	TOKEN_LOGICAL_OR  reduce 56
	TOKEN_ASSIGNMENT  reduce 56
	TOKEN_RPAREN  reduce 56
	TOKEN_RBRACKET  reduce 56
	TOKEN_RCURLY  reduce 56
	TOKEN_COMMA  reduce 56


state 111
	mult_expr : mult_expr TOKEN_MULTIPLY exponent .  (58)
	exponent : exponent . TOKEN_EXPONENT factor  (62)

	TOKEN_EXPONENT  shift 73
	TOKEN_SEMICOLON  reduce 58
	TOKEN_GE  reduce 58
	TOKEN_LE  reduce 58
	TOKEN_GT  reduce 58
	TOKEN_LT  reduce 58
	TOKEN_EQ  reduce 58
	TOKEN_NE  reduce 58
	TOKEN_MULTIPLY  reduce 58
	TOKEN_DIVIDE  reduce 58
	TOKEN_MODULUS  reduce 58
	TOKEN_PLUS  reduce 58
	TOKEN_MINUS  reduce 58
	TOKEN_LOGICAL_AND  reduce 58
	TOKEN_LOGICAL_OR  reduce 58
	TOKEN_ASSIGNMENT  reduce 58
	TOKEN_RPAREN  reduce 58
	TOKEN_RBRACKET  reduce 58
	TOKEN_RCURLY  reduce 58
	TOKEN_COMMA  reduce 58


state 112
	mult_expr : mult_expr TOKEN_DIVIDE exponent .  (59)
	exponent : exponent . TOKEN_EXPONENT factor  (62)

	TOKEN_EXPONENT  shift 73
	TOKEN_SEMICOLON  reduce 59
	TOKEN_GE  reduce 59
	TOKEN_LE  reduce 59
	TOKEN_GT  reduce 59
	TOKEN_LT  reduce 59
	TOKEN_EQ  reduce 59
	TOKEN_NE  reduce 59
	TOKEN_MULTIPLY  reduce 59
	TOKEN_DIVIDE  reduce 59
	TOKEN_MODULUS  reduce 59
	TOKEN_PLUS  reduce 59
	TOKEN_MINUS  reduce 59
	TOKEN_LOGICAL_AND  reduce 59
	TOKEN_LOGICAL_OR  reduce 59
	TOKEN_ASSIGNMENT  reduce 59
	TOKEN_RPAREN  reduce 59
	TOKEN_RBRACKET  reduce 59
	TOKEN_RCURLY  reduce 59
	TOKEN_COMMA  reduce 59


state 113
	mult_expr : mult_expr TOKEN_MODULUS exponent .  (60)
	exponent : exponent . TOKEN_EXPONENT factor  (62)

	TOKEN_EXPONENT  shift 73
	TOKEN_SEMICOLON  reduce 60
	TOKEN_GE  reduce 60
	TOKEN_LE  reduce 60
	TOKEN_GT  reduce 60
	TOKEN_LT  reduce 60
	TOKEN_EQ  reduce 60
	TOKEN_NE  reduce 60
	TOKEN_MULTIPLY  reduce 60
	TOKEN_DIVIDE  reduce 60
	TOKEN_MODULUS  reduce 60
	TOKEN_PLUS  reduce 60
	TOKEN_MINUS  reduce 60
	TOKEN_LOGICAL_AND  reduce 60
	TOKEN_LOGICAL_OR  reduce 60
	TOKEN_ASSIGNMENT  reduce 60
	TOKEN_RPAREN  reduce 60
	TOKEN_RBRACKET  reduce 60
	TOKEN_RCURLY  reduce 60
	TOKEN_COMMA  reduce 60


state 114
	exponent : exponent TOKEN_EXPONENT factor .  (62)

	.  reduce 62


state 115
	primary_expr : ident TOKEN_LPAREN expr_list . TOKEN_RPAREN  (77)

	TOKEN_RPAREN  shift 130
	.  error


state 116
	primary_expr : ident TOKEN_LBRACKET expr_list . TOKEN_RBRACKET  (78)

	TOKEN_RBRACKET  shift 131
	.  error


state 117
	type_function : TOKEN_FUNCTION type TOKEN_LPAREN param_list TOKEN_RPAREN .  (17)

	.  reduce 17


state 118
	non_empty_param_list : param TOKEN_COMMA . non_empty_param_list  (21)

	TOKEN_IDENT  shift 1
	.  error

	non_empty_param_list  goto 132
	param  goto 80
	ident  goto 81


state 119
	param : ident TOKEN_COLON . type  (22)

	TOKEN_ARRAY  shift 8
	TOKEN_BOOLEAN  shift 9
	TOKEN_CHAR  shift 10
	TOKEN_FUNCTION  shift 11
	TOKEN_INTEGER  shift 12
	TOKEN_STRING  shift 13
	TOKEN_VOID  shift 14
	.  error

	type  goto 133
	type_basic  goto 21
	type_array  goto 22
	type_function  goto 23


state 120
	decl : ident TOKEN_COLON type_array TOKEN_ASSIGNMENT TOKEN_LCURLY expr_list TOKEN_RCURLY . TOKEN_SEMICOLON  (7)

	TOKEN_SEMICOLON  shift 134
	.  error


state 121
	non_empty_expr_list : expr TOKEN_COMMA . non_empty_expr_list  (41)

	TOKEN_FALSE  shift 28
	TOKEN_TRUE  shift 29
	TOKEN_IDENT  shift 1
	TOKEN_STRING_LITERAL  shift 30
	TOKEN_INTEGER_LITERAL  shift 31
	TOKEN_CHAR_LITERAL  shift 32
	TOKEN_MINUS  shift 33
	TOKEN_LOGICAL_NOT  shift 34
	TOKEN_LPAREN  shift 35
	.  error

	non_empty_expr_list  goto 135
	expr  goto 85
	assignment_expr  goto 38
	logical_expr  goto 39
	comparison_expr  goto 40
	add_expr  goto 41
	mult_expr  goto 42
	exponent  goto 43
	factor  goto 44
	pre_post_incr  goto 45
	primary_expr  goto 46
	integer  goto 47
	string  goto 48
	char  goto 49
	ident  goto 50


state 122
	matched : TOKEN_FOR TOKEN_LPAREN . opt_expr TOKEN_SEMICOLON opt_expr TOKEN_SEMICOLON opt_expr TOKEN_RPAREN matched  (33)
	opt_expr : .  (36)

	TOKEN_FALSE  shift 28
	TOKEN_TRUE  shift 29
	TOKEN_IDENT  shift 1
	TOKEN_STRING_LITERAL  shift 30
	TOKEN_INTEGER_LITERAL  shift 31
	TOKEN_CHAR_LITERAL  shift 32
	TOKEN_MINUS  shift 33
	TOKEN_LOGICAL_NOT  shift 34
	TOKEN_LPAREN  shift 35
	TOKEN_SEMICOLON  reduce 36

	opt_expr  goto 136
	expr  goto 37
	assignment_expr  goto 38
	logical_expr  goto 39
	comparison_expr  goto 40
	add_expr  goto 41
	mult_expr  goto 42
	exponent  goto 43
	factor  goto 44
	pre_post_incr  goto 45
	primary_expr  goto 46
	integer  goto 47
	string  goto 48
	char  goto 49
	ident  goto 50


state 123
	matched : TOKEN_IF TOKEN_LPAREN . expr TOKEN_RPAREN matched TOKEN_ELSE matched  (28)
	unmatched : TOKEN_IF TOKEN_LPAREN . expr TOKEN_RPAREN stmt  (34)
	unmatched : TOKEN_IF TOKEN_LPAREN . expr TOKEN_RPAREN matched TOKEN_ELSE unmatched  (35)

	TOKEN_FALSE  shift 28
	TOKEN_TRUE  shift 29
	TOKEN_IDENT  shift 1
	TOKEN_STRING_LITERAL  shift 30
	TOKEN_INTEGER_LITERAL  shift 31
	TOKEN_CHAR_LITERAL  shift 32
	TOKEN_MINUS  shift 33
	TOKEN_LOGICAL_NOT  shift 34
	TOKEN_LPAREN  shift 35
	.  error

	expr  goto 137
	assignment_expr  goto 38
	logical_expr  goto 39
	comparison_expr  goto 40
	add_expr  goto 41
	mult_expr  goto 42
	exponent  goto 43
	factor  goto 44
	pre_post_incr  goto 45
	primary_expr  goto 46
	integer  goto 47
	string  goto 48
	char  goto 49
	ident  goto 50


state 124
	matched : TOKEN_PRINT expr_list . TOKEN_SEMICOLON  (32)

	TOKEN_SEMICOLON  shift 138
	.  error


state 125
	matched : TOKEN_RETURN opt_expr . TOKEN_SEMICOLON  (31)

	TOKEN_SEMICOLON  shift 139
	.  error


state 126
	matched : TOKEN_LCURLY stmt_list . TOKEN_RCURLY  (30)

	TOKEN_RCURLY  shift 140
	.  error


state 127
	stmt_list : stmt stmt_list .  (24)

	.  reduce 24


state 128
	decl : ident TOKEN_COLON type_function TOKEN_ASSIGNMENT TOKEN_LCURLY stmt_list TOKEN_RCURLY .  (6)

	.  reduce 6


state 129
	matched : expr TOKEN_SEMICOLON .  (29)

	.  reduce 29


state 130
	primary_expr : ident TOKEN_LPAREN expr_list TOKEN_RPAREN .  (77)

	.  reduce 77


state 131
	primary_expr : ident TOKEN_LBRACKET expr_list TOKEN_RBRACKET .  (78)

	.  reduce 78


state 132
	non_empty_param_list : param TOKEN_COMMA non_empty_param_list .  (21)

	.  reduce 21


state 133
	param : ident TOKEN_COLON type .  (22)

	.  reduce 22


state 134
	decl : ident TOKEN_COLON type_array TOKEN_ASSIGNMENT TOKEN_LCURLY expr_list TOKEN_RCURLY TOKEN_SEMICOLON .  (7)

	.  reduce 7


state 135
	non_empty_expr_list : expr TOKEN_COMMA non_empty_expr_list .  (41)

	.  reduce 41


state 136
	matched : TOKEN_FOR TOKEN_LPAREN opt_expr . TOKEN_SEMICOLON opt_expr TOKEN_SEMICOLON opt_expr TOKEN_RPAREN matched  (33)

	TOKEN_SEMICOLON  shift 141
	.  error


state 137
	matched : TOKEN_IF TOKEN_LPAREN expr . TOKEN_RPAREN matched TOKEN_ELSE matched  (28)
	unmatched : TOKEN_IF TOKEN_LPAREN expr . TOKEN_RPAREN stmt  (34)
	unmatched : TOKEN_IF TOKEN_LPAREN expr . TOKEN_RPAREN matched TOKEN_ELSE unmatched  (35)

	TOKEN_RPAREN  shift 142
	.  error


state 138
	matched : TOKEN_PRINT expr_list TOKEN_SEMICOLON .  (32)

	.  reduce 32


state 139
	matched : TOKEN_RETURN opt_expr TOKEN_SEMICOLON .  (31)

	.  reduce 31


state 140
	matched : TOKEN_LCURLY stmt_list TOKEN_RCURLY .  (30)

	.  reduce 30


state 141
	matched : TOKEN_FOR TOKEN_LPAREN opt_expr TOKEN_SEMICOLON . opt_expr TOKEN_SEMICOLON opt_expr TOKEN_RPAREN matched  (33)
	opt_expr : .  (36)

	TOKEN_FALSE  shift 28
	TOKEN_TRUE  shift 29
	TOKEN_IDENT  shift 1
	TOKEN_STRING_LITERAL  shift 30
	TOKEN_INTEGER_LITERAL  shift 31
	TOKEN_CHAR_LITERAL  shift 32
	TOKEN_MINUS  shift 33
	TOKEN_LOGICAL_NOT  shift 34
	TOKEN_LPAREN  shift 35
	TOKEN_SEMICOLON  reduce 36

	opt_expr  goto 143
	expr  goto 37
	assignment_expr  goto 38
	logical_expr  goto 39
	comparison_expr  goto 40
	add_expr  goto 41
	mult_expr  goto 42
	exponent  goto 43
	factor  goto 44
	pre_post_incr  goto 45
	primary_expr  goto 46
	integer  goto 47
	string  goto 48
	char  goto 49
	ident  goto 50


state 142
	matched : TOKEN_IF TOKEN_LPAREN expr TOKEN_RPAREN . matched TOKEN_ELSE matched  (28)
	unmatched : TOKEN_IF TOKEN_LPAREN expr TOKEN_RPAREN . stmt  (34)
	unmatched : TOKEN_IF TOKEN_LPAREN expr TOKEN_RPAREN . matched TOKEN_ELSE unmatched  (35)

	TOKEN_FALSE  shift 28
	TOKEN_FOR  shift 86
	TOKEN_IF  shift 87
	TOKEN_PRINT  shift 88
	TOKEN_RETURN  shift 89
	TOKEN_TRUE  shift 29
	TOKEN_IDENT  shift 1
	TOKEN_STRING_LITERAL  shift 30
	TOKEN_INTEGER_LITERAL  shift 31
	TOKEN_CHAR_LITERAL  shift 32
	TOKEN_MINUS  shift 33
	TOKEN_LOGICAL_NOT  shift 34
	TOKEN_LPAREN  shift 35
	TOKEN_LCURLY  shift 90
	.  error

	decl  goto 91
	stmt  goto 144
	matched  goto 145
	unmatched  goto 95
	expr  goto 96
	assignment_expr  goto 38
	logical_expr  goto 39
	comparison_expr  goto 40
	add_expr  goto 41
	mult_expr  goto 42
	exponent  goto 43
	factor  goto 44
	pre_post_incr  goto 45
	primary_expr  goto 46
	integer  goto 47
	string  goto 48
	char  goto 49
	ident  goto 97


state 143
	matched : TOKEN_FOR TOKEN_LPAREN opt_expr TOKEN_SEMICOLON opt_expr . TOKEN_SEMICOLON opt_expr TOKEN_RPAREN matched  (33)

	TOKEN_SEMICOLON  shift 146
	.  error


state 144
	unmatched : TOKEN_IF TOKEN_LPAREN expr TOKEN_RPAREN stmt .  (34)

	.  reduce 34


state 145
	stmt : matched .  (25)
	matched : TOKEN_IF TOKEN_LPAREN expr TOKEN_RPAREN matched . TOKEN_ELSE matched  (28)
	unmatched : TOKEN_IF TOKEN_LPAREN expr TOKEN_RPAREN matched . TOKEN_ELSE unmatched  (35)

	TOKEN_ELSE  shift 147
	TOKEN_FALSE  reduce 25
	TOKEN_FOR  reduce 25
	TOKEN_IF  reduce 25
	TOKEN_PRINT  reduce 25
	TOKEN_RETURN  reduce 25
	TOKEN_TRUE  reduce 25
	TOKEN_IDENT  reduce 25
	TOKEN_STRING_LITERAL  reduce 25
	TOKEN_INTEGER_LITERAL  reduce 25
	TOKEN_CHAR_LITERAL  reduce 25
	TOKEN_MINUS  reduce 25
	TOKEN_LOGICAL_NOT  reduce 25
	TOKEN_LPAREN  reduce 25
	TOKEN_LCURLY  reduce 25
	TOKEN_RCURLY  reduce 25


state 146
	matched : TOKEN_FOR TOKEN_LPAREN opt_expr TOKEN_SEMICOLON opt_expr TOKEN_SEMICOLON . opt_expr TOKEN_RPAREN matched  (33)
	opt_expr : .  (36)

	TOKEN_FALSE  shift 28
	TOKEN_TRUE  shift 29
	TOKEN_IDENT  shift 1
	TOKEN_STRING_LITERAL  shift 30
	TOKEN_INTEGER_LITERAL  shift 31
	TOKEN_CHAR_LITERAL  shift 32
	TOKEN_MINUS  shift 33
	TOKEN_LOGICAL_NOT  shift 34
	TOKEN_LPAREN  shift 35
	TOKEN_RPAREN  reduce 36

	opt_expr  goto 148
	expr  goto 37
	assignment_expr  goto 38
	logical_expr  goto 39
	comparison_expr  goto 40
	add_expr  goto 41
	mult_expr  goto 42
	exponent  goto 43
	factor  goto 44
	pre_post_incr  goto 45
	primary_expr  goto 46
	integer  goto 47
	string  goto 48
	char  goto 49
	ident  goto 50


state 147
	matched : TOKEN_IF TOKEN_LPAREN expr TOKEN_RPAREN matched TOKEN_ELSE . matched  (28)
	unmatched : TOKEN_IF TOKEN_LPAREN expr TOKEN_RPAREN matched TOKEN_ELSE . unmatched  (35)

	TOKEN_FALSE  shift 28
	TOKEN_FOR  shift 86
	TOKEN_IF  shift 87
	TOKEN_PRINT  shift 88
	TOKEN_RETURN  shift 89
	TOKEN_TRUE  shift 29
	TOKEN_IDENT  shift 1
	TOKEN_STRING_LITERAL  shift 30
	TOKEN_INTEGER_LITERAL  shift 31
	TOKEN_CHAR_LITERAL  shift 32
	TOKEN_MINUS  shift 33
	TOKEN_LOGICAL_NOT  shift 34
	TOKEN_LPAREN  shift 35
	TOKEN_LCURLY  shift 90
	.  error

	decl  goto 91
	matched  goto 149
	unmatched  goto 150
	expr  goto 96
	assignment_expr  goto 38
	logical_expr  goto 39
	comparison_expr  goto 40
	add_expr  goto 41
	mult_expr  goto 42
	exponent  goto 43
	factor  goto 44
	pre_post_incr  goto 45
	primary_expr  goto 46
	integer  goto 47
	string  goto 48
	char  goto 49
	ident  goto 97


state 148
	matched : TOKEN_FOR TOKEN_LPAREN opt_expr TOKEN_SEMICOLON opt_expr TOKEN_SEMICOLON opt_expr . TOKEN_RPAREN matched  (33)

	TOKEN_RPAREN  shift 151
	.  error


state 149
	matched : TOKEN_IF TOKEN_LPAREN expr TOKEN_RPAREN matched TOKEN_ELSE matched .  (28)

	.  reduce 28


state 150
	unmatched : TOKEN_IF TOKEN_LPAREN expr TOKEN_RPAREN matched TOKEN_ELSE unmatched .  (35)

	.  reduce 35


state 151
	matched : TOKEN_FOR TOKEN_LPAREN opt_expr TOKEN_SEMICOLON opt_expr TOKEN_SEMICOLON opt_expr TOKEN_RPAREN . matched  (33)

	TOKEN_FALSE  shift 28
	TOKEN_FOR  shift 86
	TOKEN_IF  shift 152
	TOKEN_PRINT  shift 88
	TOKEN_RETURN  shift 89
	TOKEN_TRUE  shift 29
	TOKEN_IDENT  shift 1
	TOKEN_STRING_LITERAL  shift 30
	TOKEN_INTEGER_LITERAL  shift 31
	TOKEN_CHAR_LITERAL  shift 32
	TOKEN_MINUS  shift 33
	TOKEN_LOGICAL_NOT  shift 34
	TOKEN_LPAREN  shift 35
	TOKEN_LCURLY  shift 90
	.  error

	decl  goto 91
	matched  goto 153
	expr  goto 96
	assignment_expr  goto 38
	logical_expr  goto 39
	comparison_expr  goto 40
	add_expr  goto 41
	mult_expr  goto 42
	exponent  goto 43
	factor  goto 44
	pre_post_incr  goto 45
	primary_expr  goto 46
	integer  goto 47
	string  goto 48
	char  goto 49
	ident  goto 97


state 152
	matched : TOKEN_IF . TOKEN_LPAREN expr TOKEN_RPAREN matched TOKEN_ELSE matched  (28)

	TOKEN_LPAREN  shift 154
	.  error


state 153
	matched : TOKEN_FOR TOKEN_LPAREN opt_expr TOKEN_SEMICOLON opt_expr TOKEN_SEMICOLON opt_expr TOKEN_RPAREN matched .  (33)

	.  reduce 33


state 154
	matched : TOKEN_IF TOKEN_LPAREN . expr TOKEN_RPAREN matched TOKEN_ELSE matched  (28)

	TOKEN_FALSE  shift 28
	TOKEN_TRUE  shift 29
	TOKEN_IDENT  shift 1
	TOKEN_STRING_LITERAL  shift 30
	TOKEN_INTEGER_LITERAL  shift 31
	TOKEN_CHAR_LITERAL  shift 32
	TOKEN_MINUS  shift 33
	TOKEN_LOGICAL_NOT  shift 34
	TOKEN_LPAREN  shift 35
	.  error

	expr  goto 155
	assignment_expr  goto 38
	logical_expr  goto 39
	comparison_expr  goto 40
	add_expr  goto 41
	mult_expr  goto 42
	exponent  goto 43
	factor  goto 44
	pre_post_incr  goto 45
	primary_expr  goto 46
	integer  goto 47
	string  goto 48
	char  goto 49
	ident  goto 50


state 155
	matched : TOKEN_IF TOKEN_LPAREN expr . TOKEN_RPAREN matched TOKEN_ELSE matched  (28)

	TOKEN_RPAREN  shift 156
	.  error


state 156
	matched : TOKEN_IF TOKEN_LPAREN expr TOKEN_RPAREN . matched TOKEN_ELSE matched  (28)

	TOKEN_FALSE  shift 28
	TOKEN_FOR  shift 86
	TOKEN_IF  shift 152
	TOKEN_PRINT  shift 88
	TOKEN_RETURN  shift 89
	TOKEN_TRUE  shift 29
	TOKEN_IDENT  shift 1
	TOKEN_STRING_LITERAL  shift 30
	TOKEN_INTEGER_LITERAL  shift 31
	TOKEN_CHAR_LITERAL  shift 32
	TOKEN_MINUS  shift 33
	TOKEN_LOGICAL_NOT  shift 34
	TOKEN_LPAREN  shift 35
	TOKEN_LCURLY  shift 90
	.  error

	decl  goto 91
	matched  goto 157
	expr  goto 96
	assignment_expr  goto 38
	logical_expr  goto 39
	comparison_expr  goto 40
	add_expr  goto 41
	mult_expr  goto 42
	exponent  goto 43
	factor  goto 44
	pre_post_incr  goto 45
	primary_expr  goto 46
	integer  goto 47
	string  goto 48
	char  goto 49
	ident  goto 97


state 157
	matched : TOKEN_IF TOKEN_LPAREN expr TOKEN_RPAREN matched . TOKEN_ELSE matched  (28)

	TOKEN_ELSE  shift 158
	.  error


state 158
	matched : TOKEN_IF TOKEN_LPAREN expr TOKEN_RPAREN matched TOKEN_ELSE . matched  (28)

	TOKEN_FALSE  shift 28
	TOKEN_FOR  shift 86
	TOKEN_IF  shift 152
	TOKEN_PRINT  shift 88
	TOKEN_RETURN  shift 89
	TOKEN_TRUE  shift 29
	TOKEN_IDENT  shift 1
	TOKEN_STRING_LITERAL  shift 30
	TOKEN_INTEGER_LITERAL  shift 31
	TOKEN_CHAR_LITERAL  shift 32
	TOKEN_MINUS  shift 33
	TOKEN_LOGICAL_NOT  shift 34
	TOKEN_LPAREN  shift 35
	TOKEN_LCURLY  shift 90
	.  error

	decl  goto 91
	matched  goto 149
	expr  goto 96
	assignment_expr  goto 38
	logical_expr  goto 39
	comparison_expr  goto 40
	add_expr  goto 41
	mult_expr  goto 42
	exponent  goto 43
	factor  goto 44
	pre_post_incr  goto 45
	primary_expr  goto 46
	integer  goto 47
	string  goto 48
	char  goto 49
	ident  goto 97


48 terminals, 32 nonterminals
83 grammar rules, 159 states
